<?xml version="1.0" encoding="UTF-8"?>
<!-- Generated by org.testng.reporters.JUnitReportReporter -->
<testsuite hostname="HISPLs-Mac-mini-2.local" failures="0" tests="1" name="utilities.UtilisClass" time="0.274" errors="0" timestamp="17 Jul 2024 12:04:03 GMT">
  <testcase classname="utilities.UtilisClass" name="testData" time="0.274"/>
</testsuite> <!-- utilities.UtilisClass -->
