<?xml version="1.0" encoding="UTF-8"?>
<!-- Generated by org.testng.reporters.JUnitReportReporter -->
<testsuite hostname="HISPLs-Mac-mini-2.local" failures="0" tests="4" name="userRegistrationTest.SubDomainsTest" time="364.967" errors="0" timestamp="29 Aug 2024 11:39:38 GMT">
  <testcase classname="userRegistrationTest.SubDomainsTest" name="aus" time="91.494"/>
  <testcase classname="userRegistrationTest.SubDomainsTest" name="uk" time="87.968"/>
  <testcase classname="userRegistrationTest.SubDomainsTest" name="usa" time="96.608"/>
  <testcase classname="userRegistrationTest.SubDomainsTest" name="ca" time="88.897"/>
</testsuite> <!-- userRegistrationTest.SubDomainsTest -->
